<?xml version="1.0" encoding="UTF-8"?>
<coverage generated="1749544214149" clover="3.2.0">
  <project timestamp="1749544214149" name="All files">
    <metrics statements="28" coveredstatements="28" conditionals="8" coveredconditionals="6" methods="9" coveredmethods="9" elements="45" coveredelements="43" complexity="0" loc="28" ncloc="28" packages="1" files="2" classes="2"/>
    <file name="app.js" path="C:\Users\shubhammahaseth\OneDrive - Nagarro\Desktop\POC-2\BE\app.js">
      <metrics statements="6" coveredstatements="6" conditionals="0" coveredconditionals="0" methods="0" coveredmethods="0"/>
      <line num="1" count="1" type="stmt"/>
      <line num="2" count="1" type="stmt"/>
      <line num="3" count="1" type="stmt"/>
      <line num="5" count="1" type="stmt"/>
      <line num="7" count="1" type="stmt"/>
      <line num="15" count="1" type="stmt"/>
    </file>
    <file name="schema.js" path="C:\Users\shubhammahaseth\OneDrive - Nagarro\Desktop\POC-2\BE\schema.js">
      <metrics statements="22" coveredstatements="22" conditionals="8" coveredconditionals="6" methods="9" coveredmethods="9"/>
      <line num="8" count="1" type="stmt"/>
      <line num="10" count="1" type="stmt"/>
      <line num="12" count="1" type="stmt"/>
      <line num="21" count="1" type="stmt"/>
      <line num="26" count="2" type="stmt"/>
      <line num="31" count="1" type="stmt"/>
      <line num="36" count="1" type="stmt"/>
      <line num="46" count="5" type="stmt"/>
      <line num="47" count="5" type="stmt"/>
      <line num="48" count="5" type="stmt"/>
      <line num="59" count="2" type="stmt"/>
      <line num="60" count="2" type="cond" truecount="2" falsecount="0"/>
      <line num="61" count="1" type="cond" truecount="1" falsecount="1"/>
      <line num="62" count="1" type="cond" truecount="1" falsecount="1"/>
      <line num="63" count="1" type="stmt"/>
      <line num="70" count="2" type="stmt"/>
      <line num="71" count="2" type="cond" truecount="2" falsecount="0"/>
      <line num="72" count="1" type="stmt"/>
      <line num="78" count="1" type="stmt"/>
      <line num="83" count="1" type="stmt"/>
      <line num="84" count="7" type="stmt"/>
      <line num="87" count="1" type="stmt"/>
    </file>
  </project>
</coverage>
