{"C:\\Users\\shubhammahaseth\\OneDrive - Nagarro\\Desktop\\POC-2\\BE\\app.js": {"path":"C:\\Users\\shubhammahaseth\\OneDrive - Nagarro\\Desktop\\POC-2\\BE\\app.js","statementMap":{"0":{"start":{"line":1,"column":16},"end":{"line":1,"column":34}},"1":{"start":{"line":2,"column":24},"end":{"line":2,"column":50}},"2":{"start":{"line":3,"column":19},"end":{"line":3,"column":38}},"3":{"start":{"line":5,"column":12},"end":{"line":5,"column":21}},"4":{"start":{"line":7,"column":0},"end":{"line":13,"column":2}},"5":{"start":{"line":15,"column":0},"end":{"line":15,"column":21}}},"fnMap":{},"branchMap":{},"s":{"0":1,"1":1,"2":1,"3":1,"4":1,"5":1},"f":{},"b":{},"_coverageSchema":"1a1c01bbd47fc00a2c39e90264f33305004495a9","hash":"b9fa94d85170c5206b937063acf7c56dbfa421bf"}
,"C:\\Users\\shubhammahaseth\\OneDrive - Nagarro\\Desktop\\POC-2\\BE\\schema.js": {"path":"C:\\Users\\shubhammahaseth\\OneDrive - Nagarro\\Desktop\\POC-2\\BE\\schema.js","statementMap":{"0":{"start":{"line":8,"column":4},"end":{"line":8,"column":22}},"1":{"start":{"line":10,"column":12},"end":{"line":10,"column":14}},"2":{"start":{"line":12,"column":17},"end":{"line":19,"column":2}},"3":{"start":{"line":21,"column":18},"end":{"line":34,"column":2}},"4":{"start":{"line":26,"column":21},"end":{"line":26,"column":26}},"5":{"start":{"line":31,"column":28},"end":{"line":31,"column":62}},"6":{"start":{"line":31,"column":46},"end":{"line":31,"column":61}},"7":{"start":{"line":36,"column":21},"end":{"line":76,"column":2}},"8":{"start":{"line":46,"column":24},"end":{"line":46,"column":69}},"9":{"start":{"line":47,"column":8},"end":{"line":47,"column":28}},"10":{"start":{"line":48,"column":8},"end":{"line":48,"column":23}},"11":{"start":{"line":59,"column":21},"end":{"line":59,"column":50}},"12":{"start":{"line":59,"column":39},"end":{"line":59,"column":49}},"13":{"start":{"line":60,"column":8},"end":{"line":60,"column":53}},"14":{"start":{"line":60,"column":19},"end":{"line":60,"column":53}},"15":{"start":{"line":61,"column":8},"end":{"line":61,"column":35}},"16":{"start":{"line":61,"column":18},"end":{"line":61,"column":35}},"17":{"start":{"line":62,"column":8},"end":{"line":62,"column":38}},"18":{"start":{"line":62,"column":19},"end":{"line":62,"column":38}},"19":{"start":{"line":63,"column":8},"end":{"line":63,"column":20}},"20":{"start":{"line":70,"column":22},"end":{"line":70,"column":56}},"21":{"start":{"line":70,"column":45},"end":{"line":70,"column":55}},"22":{"start":{"line":71,"column":8},"end":{"line":71,"column":60}},"23":{"start":{"line":71,"column":26},"end":{"line":71,"column":60}},"24":{"start":{"line":72,"column":8},"end":{"line":72,"column":41}},"25":{"start":{"line":78,"column":15},"end":{"line":81,"column":2}},"26":{"start":{"line":83,"column":18},"end":{"line":85,"column":1}},"27":{"start":{"line":84,"column":2},"end":{"line":84,"column":13}},"28":{"start":{"line":87,"column":0},"end":{"line":87,"column":39}}},"fnMap":{"0":{"name":"(anonymous_0)","decl":{"start":{"line":26,"column":15},"end":{"line":26,"column":16}},"loc":{"start":{"line":26,"column":21},"end":{"line":26,"column":26}},"line":26},"1":{"name":"(anonymous_1)","decl":{"start":{"line":31,"column":15},"end":{"line":31,"column":16}},"loc":{"start":{"line":31,"column":28},"end":{"line":31,"column":62}},"line":31},"2":{"name":"(anonymous_2)","decl":{"start":{"line":31,"column":39},"end":{"line":31,"column":40}},"loc":{"start":{"line":31,"column":46},"end":{"line":31,"column":61}},"line":31},"3":{"name":"(anonymous_3)","decl":{"start":{"line":45,"column":15},"end":{"line":45,"column":16}},"loc":{"start":{"line":45,"column":39},"end":{"line":49,"column":7}},"line":45},"4":{"name":"(anonymous_4)","decl":{"start":{"line":58,"column":15},"end":{"line":58,"column":16}},"loc":{"start":{"line":58,"column":43},"end":{"line":64,"column":7}},"line":58},"5":{"name":"(anonymous_5)","decl":{"start":{"line":59,"column":32},"end":{"line":59,"column":33}},"loc":{"start":{"line":59,"column":39},"end":{"line":59,"column":49}},"line":59},"6":{"name":"(anonymous_6)","decl":{"start":{"line":69,"column":15},"end":{"line":69,"column":16}},"loc":{"start":{"line":69,"column":30},"end":{"line":73,"column":7}},"line":69},"7":{"name":"(anonymous_7)","decl":{"start":{"line":70,"column":38},"end":{"line":70,"column":39}},"loc":{"start":{"line":70,"column":45},"end":{"line":70,"column":55}},"line":70},"8":{"name":"(anonymous_8)","decl":{"start":{"line":83,"column":18},"end":{"line":83,"column":19}},"loc":{"start":{"line":83,"column":24},"end":{"line":85,"column":1}},"line":83}},"branchMap":{"0":{"loc":{"start":{"line":60,"column":8},"end":{"line":60,"column":53}},"type":"if","locations":[{"start":{"line":60,"column":8},"end":{"line":60,"column":53}},{"start":{},"end":{}}],"line":60},"1":{"loc":{"start":{"line":61,"column":8},"end":{"line":61,"column":35}},"type":"if","locations":[{"start":{"line":61,"column":8},"end":{"line":61,"column":35}},{"start":{},"end":{}}],"line":61},"2":{"loc":{"start":{"line":62,"column":8},"end":{"line":62,"column":38}},"type":"if","locations":[{"start":{"line":62,"column":8},"end":{"line":62,"column":38}},{"start":{},"end":{}}],"line":62},"3":{"loc":{"start":{"line":71,"column":8},"end":{"line":71,"column":60}},"type":"if","locations":[{"start":{"line":71,"column":8},"end":{"line":71,"column":60}},{"start":{},"end":{}}],"line":71}},"s":{"0":1,"1":1,"2":1,"3":1,"4":2,"5":1,"6":1,"7":1,"8":5,"9":5,"10":5,"11":2,"12":1,"13":2,"14":1,"15":1,"16":1,"17":1,"18":0,"19":1,"20":2,"21":1,"22":2,"23":1,"24":1,"25":1,"26":1,"27":7,"28":1},"f":{"0":2,"1":1,"2":1,"3":5,"4":2,"5":1,"6":2,"7":1,"8":7},"b":{"0":[1,1],"1":[1,0],"2":[0,1],"3":[1,1]},"_coverageSchema":"1a1c01bbd47fc00a2c39e90264f33305004495a9","hash":"3c16025688aa6bd57a379c0e75ee45296b8d5bf3"}
}
