TN:
SF:app.js
FNF:0
FNH:0
DA:1,1
DA:2,1
DA:3,1
DA:5,1
DA:7,1
DA:15,1
LF:6
LH:6
BRF:0
BRH:0
end_of_record
TN:
SF:schema.js
FN:26,(anonymous_0)
FN:31,(anonymous_1)
FN:31,(anonymous_2)
FN:45,(anonymous_3)
FN:58,(anonymous_4)
FN:59,(anonymous_5)
FN:69,(anonymous_6)
FN:70,(anonymous_7)
FN:83,(anonymous_8)
FNF:9
FNH:9
FNDA:2,(anonymous_0)
FNDA:1,(anonymous_1)
FNDA:1,(anonymous_2)
FNDA:5,(anonymous_3)
FNDA:2,(anonymous_4)
FNDA:1,(anonymous_5)
FNDA:2,(anonymous_6)
FNDA:1,(anonymous_7)
FNDA:7,(anonymous_8)
DA:8,1
DA:10,1
DA:12,1
DA:21,1
DA:26,2
DA:31,1
DA:36,1
DA:46,5
DA:47,5
DA:48,5
DA:59,2
DA:60,2
DA:61,1
DA:62,1
DA:63,1
DA:70,2
DA:71,2
DA:72,1
DA:78,1
DA:83,1
DA:84,7
DA:87,1
LF:22
LH:22
BRDA:60,0,0,1
BRDA:60,0,1,1
BRDA:61,1,0,1
BRDA:61,1,1,0
BRDA:62,2,0,0
BRDA:62,2,1,1
BRDA:71,3,0,1
BRDA:71,3,1,1
BRF:8
BRH:6
end_of_record
